[debug] [2023-02-23T06:52:12.160Z] ----------------------------------------------------------------------
[debug] [2023-02-23T06:52:12.161Z] Command:       /opt/homebrew/Cellar/node/18.11.0/bin/node /opt/homebrew/bin/firebase init
[debug] [2023-02-23T06:52:12.161Z] CLI Version:   11.23.1
[debug] [2023-02-23T06:52:12.161Z] Platform:      darwin
[debug] [2023-02-23T06:52:12.161Z] Node Version:  v18.11.0
[debug] [2023-02-23T06:52:12.162Z] Time:          Thu Feb 23 2023 15:52:12 GMT+0900 (대한민국 표준시)
[debug] [2023-02-23T06:52:12.162Z] ----------------------------------------------------------------------
[debug] 
[debug] [2023-02-23T06:52:12.165Z] > command requires scopes: ["email","openid","https://www.googleapis.com/auth/cloudplatformprojects.readonly","https://www.googleapis.com/auth/firebase","https://www.googleapis.com/auth/cloud-platform"]
[debug] [2023-02-23T06:52:12.165Z] > authorizing via signed-in user (swj981128@gmail.com)
[info] 
     ######## #### ########  ######## ########     ###     ######  ########
     ##        ##  ##     ## ##       ##     ##  ##   ##  ##       ##
     ######    ##  ########  ######   ########  #########  ######  ######
     ##        ##  ##    ##  ##       ##     ## ##     ##       ## ##
     ##       #### ##     ## ######## ########  ##     ##  ######  ########

You're about to initialize a Firebase project in this directory:

  /Users/apple/Documents/GitHub/everyday/amazon-react/src

[info] 
=== Project Setup
[info] 
[info] First, let's associate this project directory with a Firebase project.
[info] You can create multiple project aliases by running firebase use --add, 
[info] but for now we'll just set up a default project.
[info] 
[info] i  If you want to create a project in a Google Cloud organization or folder, please use "firebase projects:create" instead, and return to this command when you've created the project. 
[debug] [2023-02-23T06:53:00.131Z] >>> [apiv2][query] POST https://cloudresourcemanager.googleapis.com/v1/projects [none]
[debug] [2023-02-23T06:53:00.131Z] >>> [apiv2][body] POST https://cloudresourcemanager.googleapis.com/v1/projects {"projectId":"firebasegg","name":"firebasegg"}
[debug] [2023-02-23T06:53:04.805Z] <<< [apiv2][status] POST https://cloudresourcemanager.googleapis.com/v1/projects 200
[debug] [2023-02-23T06:53:04.805Z] <<< [apiv2][body] POST https://cloudresourcemanager.googleapis.com/v1/projects {"name":"operations/cp.6158590272954777279"}
[debug] [2023-02-23T06:53:04.807Z] >>> [apiv2][query] GET https://cloudresourcemanager.googleapis.com/v1/operations/cp.6158590272954777279 [none]
[debug] [2023-02-23T06:53:06.203Z] <<< [apiv2][status] GET https://cloudresourcemanager.googleapis.com/v1/operations/cp.6158590272954777279 200
[debug] [2023-02-23T06:53:06.203Z] <<< [apiv2][body] GET https://cloudresourcemanager.googleapis.com/v1/operations/cp.6158590272954777279 {"name":"operations/cp.6158590272954777279","metadata":{"@type":"type.googleapis.com/google.cloudresourcemanager.v1.ProjectCreationStatus","ready":true},"done":true,"error":{"code":9,"message":"Callers must accept Terms of Service","details":[{"@type":"type.googleapis.com/google.rpc.PreconditionFailure","violations":[{"type":"TOS","subject":"cloud","description":"Callers must accept Terms of Service"}]}]}}
